0 info it worked if it ends with ok
1 verbose cli [ '/usr/bin/node',
1 verbose cli   '/usr/bin/npm',
1 verbose cli   'install',
1 verbose cli   '--save',
1 verbose cli   'gulp-inyect' ]
2 info using npm@1.4.28
3 info using node@v0.10.32
4 verbose node symlink /usr/bin/node
5 warn package.json proyecto-demo@1.0.0 No repository field.
6 warn package.json proyecto-demo@1.0.0 No README data
7 verbose readDependencies using package.json deps
8 verbose cache add [ 'gulp-inyect', null ]
9 verbose cache add name=undefined spec="gulp-inyect" args=["gulp-inyect",null]
10 verbose parsed url { protocol: null,
10 verbose parsed url   slashes: null,
10 verbose parsed url   auth: null,
10 verbose parsed url   host: null,
10 verbose parsed url   port: null,
10 verbose parsed url   hostname: null,
10 verbose parsed url   hash: null,
10 verbose parsed url   search: null,
10 verbose parsed url   query: null,
10 verbose parsed url   pathname: 'gulp-inyect',
10 verbose parsed url   path: 'gulp-inyect',
10 verbose parsed url   href: 'gulp-inyect' }
11 silly lockFile c9d7075b-gulp-inyect gulp-inyect
12 verbose lock gulp-inyect /home/estres/.npm/c9d7075b-gulp-inyect.lock
13 silly lockFile c9d7075b-gulp-inyect gulp-inyect
14 silly lockFile c9d7075b-gulp-inyect gulp-inyect
15 verbose addNamed [ 'gulp-inyect', '' ]
16 verbose addNamed [ null, '*' ]
17 silly lockFile bc3eca24-gulp-inyect gulp-inyect@
18 verbose lock gulp-inyect@ /home/estres/.npm/bc3eca24-gulp-inyect.lock
19 silly addNameRange { name: 'gulp-inyect', range: '*', hasData: false }
20 verbose request where is /gulp-inyect
21 verbose request registry https://registry.npmjs.org/
22 verbose request id d57728fd09ee4a92
23 verbose url raw /gulp-inyect
24 verbose url resolving [ 'https://registry.npmjs.org/', './gulp-inyect' ]
25 verbose url resolved https://registry.npmjs.org/gulp-inyect
26 verbose request where is https://registry.npmjs.org/gulp-inyect
27 info trying registry request attempt 1 at 12:59:02
28 http GET https://registry.npmjs.org/gulp-inyect
29 http 404 https://registry.npmjs.org/gulp-inyect
30 verbose headers { server: 'CouchDB/1.5.0 (Erlang OTP/R16B03)',
30 verbose headers   'content-type': 'application/json',
30 verbose headers   'cache-control': 'max-age=0',
30 verbose headers   'content-length': '51',
30 verbose headers   'accept-ranges': 'bytes',
30 verbose headers   date: 'Mon, 20 Apr 2015 11:07:08 GMT',
30 verbose headers   via: '1.1 varnish',
30 verbose headers   age: '0',
30 verbose headers   connection: 'keep-alive',
30 verbose headers   'x-served-by': 'cache-lcy1125-LCY',
30 verbose headers   'x-cache': 'MISS',
30 verbose headers   'x-cache-hits': '0',
30 verbose headers   'x-timer': 'S1429528027.930431,VS0,VE655' }
31 silly registry.get cb [ 404,
31 silly registry.get   { server: 'CouchDB/1.5.0 (Erlang OTP/R16B03)',
31 silly registry.get     'content-type': 'application/json',
31 silly registry.get     'cache-control': 'max-age=0',
31 silly registry.get     'content-length': '51',
31 silly registry.get     'accept-ranges': 'bytes',
31 silly registry.get     date: 'Mon, 20 Apr 2015 11:07:08 GMT',
31 silly registry.get     via: '1.1 varnish',
31 silly registry.get     age: '0',
31 silly registry.get     connection: 'keep-alive',
31 silly registry.get     'x-served-by': 'cache-lcy1125-LCY',
31 silly registry.get     'x-cache': 'MISS',
31 silly registry.get     'x-cache-hits': '0',
31 silly registry.get     'x-timer': 'S1429528027.930431,VS0,VE655' } ]
32 silly lockFile bc3eca24-gulp-inyect gulp-inyect@
33 silly lockFile bc3eca24-gulp-inyect gulp-inyect@
34 error 404 404 Not Found: gulp-inyect
34 error 404
34 error 404 'gulp-inyect' is not in the npm registry.
34 error 404 You should bug the author to publish it
34 error 404 It was specified as a dependency of 'proyecto-demo'
34 error 404
34 error 404 Note that you can also install from a
34 error 404 tarball, folder, or http url, or git url.
35 error System Linux 3.2.0-4-amd64
36 error command "/usr/bin/node" "/usr/bin/npm" "install" "--save" "gulp-inyect"
37 error cwd /home/estres/www/proyectos/angular-project
38 error node -v v0.10.32
39 error npm -v 1.4.28
40 error code E404
41 verbose exit [ 1, true ]
